<?xml version="1.0" encoding="UTF-8"?>
<!-- Generated by org.testng.reporters.JUnitReportReporter -->
<testsuite hostname="DESKTOP-8BNSS5C" failures="0" tests="1" name="TestData.test" time="0.011" errors="0" timestamp="2024-09-06T22:10:16 IST" skipped="0">
  <testcase classname="TestData.test" name="test1" time="0.011"/>
  <system-out/>
</testsuite> <!-- TestData.test -->
