<?xml version="1.0" encoding="UTF-8"?>
<!-- Generated by org.testng.reporters.JUnitReportReporter -->
<testsuite hostname="DESKTOP-8BNSS5C" failures="0" tests="1" name="PageTests.ReviewPowerTest" time="26.703" errors="0" timestamp="2024-10-23T11:09:59 IST" skipped="0">
  <testcase classname="PageTests.ReviewPowerTest" name="verifyReviewSubmenus" time="26.703"/>
  <system-out/>
</testsuite> <!-- PageTests.ReviewPowerTest -->
