<?xml version="1.0" encoding="UTF-8"?>
<!-- Generated by org.testng.reporters.JUnitReportReporter -->
<testsuite hostname="DESKTOP-8BNSS5C" failures="0" tests="5" name="PageTests.LeadManagementTest" time="46.961" errors="0" timestamp="2024-11-13T17:08:00 IST" skipped="2">
  <testcase classname="PageTests.LeadManagementTest" name="verifyLeadManagementSubMenus" time="13.259"/>
  <system-out/>
  <testcase classname="PageTests.LeadManagementTest" name="verifyCreateLeadFeature" time="18.429"/>
  <system-out/>
  <testcase classname="PageTests.LeadManagementTest" name="verifySearchField" time="15.273"/>
  <system-out/>
  <testcase classname="PageTests.LeadManagementTest" name="verifyAddNoteFeature">
    <skipped/>
  </testcase> <!-- verifyAddNoteFeature -->
  <system-out/>
  <testcase classname="PageTests.LeadManagementTest" name="deleteLead">
    <skipped/>
  </testcase> <!-- deleteLead -->
  <system-out/>
</testsuite> <!-- PageTests.LeadManagementTest -->
